resource/DoublyLL.c:1:1 identifier DoublyLL
resource/DoublyLL.c:1:10 identifier DoublyLL_New
resource/DoublyLL.c:1:22 punctuator (
resource/DoublyLL.c:1:23 punctuator )
resource/DoublyLL.c:2:1 punctuator {
resource/DoublyLL.c:3:3 identifier DoublyLL
resource/DoublyLL.c:3:12 identifier list
resource/DoublyLL.c:3:17 punctuator =
resource/DoublyLL.c:3:19 identifier malloc
resource/DoublyLL.c:3:25 punctuator (
resource/DoublyLL.c:3:27 keyword sizeof
resource/DoublyLL.c:3:33 punctuator (
resource/DoublyLL.c:3:35 punctuator *
resource/DoublyLL.c:3:36 identifier list
resource/DoublyLL.c:3:41 punctuator )
resource/DoublyLL.c:3:43 punctuator )
resource/DoublyLL.c:3:44 punctuator ;
resource/DoublyLL.c:4:3 identifier list
resource/DoublyLL.c:4:7 punctuator ->
resource/DoublyLL.c:4:9 identifier next
resource/DoublyLL.c:4:14 punctuator =
resource/DoublyLL.c:4:16 identifier list
resource/DoublyLL.c:4:20 punctuator ;
resource/DoublyLL.c:5:3 identifier list
resource/DoublyLL.c:5:7 punctuator ->
resource/DoublyLL.c:5:9 identifier prev
resource/DoublyLL.c:5:14 punctuator =
resource/DoublyLL.c:5:16 identifier list
resource/DoublyLL.c:5:20 punctuator ;
resource/DoublyLL.c:6:3 identifier list
resource/DoublyLL.c:6:7 punctuator ->
resource/DoublyLL.c:6:9 identifier data
resource/DoublyLL.c:6:14 punctuator =
resource/DoublyLL.c:6:16 constant 0
resource/DoublyLL.c:6:17 punctuator ;
resource/DoublyLL.c:8:3 keyword return
resource/DoublyLL.c:8:10 identifier list
resource/DoublyLL.c:8:14 punctuator ;
resource/DoublyLL.c:9:1 punctuator }
resource/DoublyLL.c:11:1 identifier bool
resource/DoublyLL.c:11:6 identifier DoublyLL_IsEmpty
resource/DoublyLL.c:11:22 punctuator (
resource/DoublyLL.c:11:24 identifier DoublyLL
resource/DoublyLL.c:11:33 identifier list
resource/DoublyLL.c:11:38 punctuator )
resource/DoublyLL.c:12:1 punctuator {
resource/DoublyLL.c:14:1 punctuator }
resource/DoublyLL.c:16:1 keyword void
resource/DoublyLL.c:16:6 identifier DoublyLL_PushFirst
resource/DoublyLL.c:16:24 punctuator (
resource/DoublyLL.c:16:26 identifier DoublyLL
resource/DoublyLL.c:16:35 identifier list
resource/DoublyLL.c:16:39 punctuator ,
resource/DoublyLL.c:16:41 keyword int
resource/DoublyLL.c:16:45 identifier data
resource/DoublyLL.c:16:50 punctuator )
resource/DoublyLL.c:17:1 punctuator {
resource/DoublyLL.c:19:3 identifier DoublyLL
resource/DoublyLL.c:19:12 identifier elem
resource/DoublyLL.c:19:17 punctuator =
resource/DoublyLL.c:19:19 identifier malloc
resource/DoublyLL.c:19:25 punctuator (
resource/DoublyLL.c:19:27 keyword sizeof
resource/DoublyLL.c:19:33 punctuator (
resource/DoublyLL.c:19:35 punctuator *
resource/DoublyLL.c:19:36 identifier elem
resource/DoublyLL.c:19:41 punctuator )
resource/DoublyLL.c:19:43 punctuator )
resource/DoublyLL.c:19:44 punctuator ;
resource/DoublyLL.c:22:3 identifier elem
resource/DoublyLL.c:22:7 punctuator ->
resource/DoublyLL.c:22:9 identifier data
resource/DoublyLL.c:22:14 punctuator =
resource/DoublyLL.c:22:16 identifier data
resource/DoublyLL.c:22:20 punctuator ;
resource/DoublyLL.c:25:3 identifier elem
resource/DoublyLL.c:25:7 punctuator ->
resource/DoublyLL.c:25:9 identifier next
resource/DoublyLL.c:25:14 punctuator =
resource/DoublyLL.c:25:16 identifier list
resource/DoublyLL.c:25:20 punctuator ->
resource/DoublyLL.c:25:22 identifier next
resource/DoublyLL.c:25:26 punctuator ;
resource/DoublyLL.c:26:3 identifier list
resource/DoublyLL.c:26:7 punctuator ->
resource/DoublyLL.c:26:9 identifier next
resource/DoublyLL.c:26:14 punctuator =
resource/DoublyLL.c:26:16 identifier elem
resource/DoublyLL.c:26:20 punctuator ;
resource/DoublyLL.c:27:3 identifier elem
resource/DoublyLL.c:27:7 punctuator ->
resource/DoublyLL.c:27:9 identifier next
resource/DoublyLL.c:27:13 punctuator ->
resource/DoublyLL.c:27:15 identifier prev
resource/DoublyLL.c:27:20 punctuator =
resource/DoublyLL.c:27:22 identifier elem
resource/DoublyLL.c:27:26 punctuator ;
resource/DoublyLL.c:28:3 identifier elem
resource/DoublyLL.c:28:7 punctuator ->
resource/DoublyLL.c:28:9 identifier prev
resource/DoublyLL.c:28:14 punctuator =
resource/DoublyLL.c:28:16 identifier list
resource/DoublyLL.c:28:20 punctuator ;
resource/DoublyLL.c:29:1 punctuator }
resource/DoublyLL.c:31:1 keyword void
resource/DoublyLL.c:31:6 identifier DoublyLL_PushLast
resource/DoublyLL.c:31:23 punctuator (
resource/DoublyLL.c:31:25 identifier DoublyLL
resource/DoublyLL.c:31:34 identifier list
resource/DoublyLL.c:31:38 punctuator ,
resource/DoublyLL.c:31:40 keyword int
resource/DoublyLL.c:31:44 identifier data
resource/DoublyLL.c:31:49 punctuator )
resource/DoublyLL.c:32:1 punctuator {
resource/DoublyLL.c:34:1 punctuator }
resource/DoublyLL.c:36:1 keyword int
resource/DoublyLL.c:36:5 identifier DoublyLL_PopFirst
resource/DoublyLL.c:36:22 punctuator (
resource/DoublyLL.c:36:24 identifier DoublyLL
resource/DoublyLL.c:36:33 identifier list
resource/DoublyLL.c:36:38 punctuator )
resource/DoublyLL.c:37:1 punctuator {
resource/DoublyLL.c:39:3 identifier DoublyLL
resource/DoublyLL.c:39:12 identifier elem
resource/DoublyLL.c:39:17 punctuator =
resource/DoublyLL.c:39:19 identifier list
resource/DoublyLL.c:39:23 punctuator ->
resource/DoublyLL.c:39:25 identifier next
resource/DoublyLL.c:39:29 punctuator ;
resource/DoublyLL.c:42:3 identifier elem
resource/DoublyLL.c:42:7 punctuator ->
resource/DoublyLL.c:42:9 identifier next
resource/DoublyLL.c:42:13 punctuator ->
resource/DoublyLL.c:42:15 identifier prev
resource/DoublyLL.c:42:20 punctuator =
resource/DoublyLL.c:42:22 identifier list
resource/DoublyLL.c:42:26 punctuator ;
resource/DoublyLL.c:43:3 identifier list
resource/DoublyLL.c:43:7 punctuator ->
resource/DoublyLL.c:43:9 identifier next
resource/DoublyLL.c:43:14 punctuator =
resource/DoublyLL.c:43:16 identifier elem
resource/DoublyLL.c:43:20 punctuator ->
resource/DoublyLL.c:43:22 identifier next
resource/DoublyLL.c:43:26 punctuator ;
resource/DoublyLL.c:46:3 keyword int
resource/DoublyLL.c:46:7 identifier data
resource/DoublyLL.c:46:12 punctuator =
resource/DoublyLL.c:46:14 identifier elem
resource/DoublyLL.c:46:18 punctuator ->
resource/DoublyLL.c:46:20 identifier data
resource/DoublyLL.c:46:24 punctuator ;
resource/DoublyLL.c:53:3 identifier free
resource/DoublyLL.c:53:7 punctuator (
resource/DoublyLL.c:53:9 identifier elem
resource/DoublyLL.c:53:14 punctuator )
resource/DoublyLL.c:53:15 punctuator ;
resource/DoublyLL.c:55:3 keyword return
resource/DoublyLL.c:55:10 identifier data
resource/DoublyLL.c:55:14 punctuator ;
resource/DoublyLL.c:56:1 punctuator }
resource/DoublyLL.c:58:1 keyword int
resource/DoublyLL.c:58:5 identifier DoublyLL_PopLast
resource/DoublyLL.c:58:21 punctuator (
resource/DoublyLL.c:58:23 identifier DoublyLL
resource/DoublyLL.c:58:32 identifier list
resource/DoublyLL.c:58:37 punctuator )
resource/DoublyLL.c:59:1 punctuator {
resource/DoublyLL.c:61:1 punctuator }
