resource/punctuators_sorted.c:1:1: punctuator (
resource/punctuators_sorted.c:2:1: punctuator )
resource/punctuators_sorted.c:3:1: punctuator ,
resource/punctuators_sorted.c:4:1: punctuator ;
resource/punctuators_sorted.c:5:1: punctuator ?
resource/punctuators_sorted.c:6:1: punctuator [
resource/punctuators_sorted.c:7:1: punctuator ]
resource/punctuators_sorted.c:8:1: punctuator {
resource/punctuators_sorted.c:9:1: punctuator }
resource/punctuators_sorted.c:10:1: punctuator ~
resource/punctuators_sorted.c:12:1: punctuator :
resource/punctuators_sorted.c:13:1: punctuator :>
resource/punctuators_sorted.c:15:1: punctuator !
resource/punctuators_sorted.c:16:1: punctuator !=
resource/punctuators_sorted.c:18:1: punctuator #
resource/punctuators_sorted.c:19:1: punctuator ##
resource/punctuators_sorted.c:21:1: punctuator %
resource/punctuators_sorted.c:22:1: punctuator %=
resource/punctuators_sorted.c:23:1: punctuator %>
resource/punctuators_sorted.c:24:1: punctuator %:
resource/punctuators_sorted.c:25:1: punctuator %:%:
resource/punctuators_sorted.c:27:1: punctuator &
resource/punctuators_sorted.c:28:1: punctuator &&
resource/punctuators_sorted.c:29:1: punctuator &=
resource/punctuators_sorted.c:31:1: punctuator *
resource/punctuators_sorted.c:32:1: punctuator *=
resource/punctuators_sorted.c:34:1: punctuator +
resource/punctuators_sorted.c:35:1: punctuator ++
resource/punctuators_sorted.c:36:1: punctuator +=
resource/punctuators_sorted.c:38:1: punctuator -
resource/punctuators_sorted.c:39:1: punctuator --
resource/punctuators_sorted.c:40:1: punctuator -=
resource/punctuators_sorted.c:41:1: punctuator ->
resource/punctuators_sorted.c:43:1: punctuator .
resource/punctuators_sorted.c:44:1: punctuator ...
resource/punctuators_sorted.c:46:1: punctuator /
resource/punctuators_sorted.c:47:1: punctuator /=
resource/punctuators_sorted.c:49:1: punctuator <
resource/punctuators_sorted.c:50:1: punctuator <:
resource/punctuators_sorted.c:51:1: punctuator <%
resource/punctuators_sorted.c:52:1: punctuator <=
resource/punctuators_sorted.c:53:1: punctuator <<
resource/punctuators_sorted.c:54:1: punctuator <<=
resource/punctuators_sorted.c:56:1: punctuator =
resource/punctuators_sorted.c:57:1: punctuator ==
resource/punctuators_sorted.c:59:1: punctuator >
resource/punctuators_sorted.c:60:1: punctuator >=
resource/punctuators_sorted.c:61:1: punctuator >>
resource/punctuators_sorted.c:62:1: punctuator >>=
resource/punctuators_sorted.c:64:1: punctuator ^
resource/punctuators_sorted.c:65:1: punctuator ^=
resource/punctuators_sorted.c:67:1: punctuator |
resource/punctuators_sorted.c:68:1: punctuator |=
resource/punctuators_sorted.c:69:1: punctuator ||
